<?xml version="1.0" encoding="UTF-8"?>
<!-- Generated by org.testng.reporters.JUnitReportReporter -->
<testsuite hostname="DESKTOP-VUGG11B" failures="0" tests="3" name="TestNGProgram.Day2_AnnotationDemo" time="66.281" errors="0" timestamp="2022-12-24T21:43:50 IST" skipped="0">
  <testcase classname="TestNGProgram.Day2_AnnotationDemo" name="second" time="24.886"/>
  <system-out/>
  <testcase classname="TestNGProgram.Day2_AnnotationDemo" name="third" time="21.847"/>
  <system-out/>
  <testcase classname="TestNGProgram.Day2_AnnotationDemo" name="first" time="19.548"/>
  <system-out/>
</testsuite> <!-- TestNGProgram.Day2_AnnotationDemo -->
