<?xml version="1.0" encoding="UTF-8"?>
<!-- Generated by org.testng.reporters.JUnitReportReporter -->
<testsuite hostname="DESKTOP-VUGG11B" failures="0" tests="2" name="TestNGProgram.Day7_OptionalTest" time="0.047" errors="0" timestamp="2022-12-27T21:20:12 IST" skipped="0">
  <testcase classname="TestNGProgram.Day7_OptionalTest" name="OP1" time="0.018"/>
  <system-out/>
  <testcase classname="TestNGProgram.Day7_OptionalTest" name="OP" time="0.029"/>
  <system-out/>
</testsuite> <!-- TestNGProgram.Day7_OptionalTest -->
