<?xml version="1.0" encoding="UTF-8"?>
<!-- Generated by org.testng.reporters.JUnitReportReporter -->
<testsuite hostname="DESKTOP-VUGG11B" failures="0" tests="44" name="TestNGProgram.DataDrivenTest" time="0.245" errors="0" timestamp="2022-12-29T17:49:28 IST" skipped="0">
  <testcase classname="TestNGProgram.DataDrivenTest" name="diff" time="0.003"/>
  <system-out/>
  <testcase classname="TestNGProgram.DataDrivenTest" name="div" time="0.004"/>
  <system-out/>
  <testcase classname="TestNGProgram.DataDrivenTest" name="diff" time="0.003"/>
  <system-out/>
  <testcase classname="TestNGProgram.DataDrivenTest" name="diff" time="0.005"/>
  <system-out/>
  <testcase classname="TestNGProgram.DataDrivenTest" name="mul" time="0.002"/>
  <system-out/>
  <testcase classname="TestNGProgram.DataDrivenTest" name="add" time="0.030"/>
  <system-out/>
  <testcase classname="TestNGProgram.DataDrivenTest" name="mul" time="0.006"/>
  <system-out/>
  <testcase classname="TestNGProgram.DataDrivenTest" name="add" time="0.006"/>
  <system-out/>
  <testcase classname="TestNGProgram.DataDrivenTest" name="div" time="0.006"/>
  <system-out/>
  <testcase classname="TestNGProgram.DataDrivenTest" name="diff" time="0.004"/>
  <system-out/>
  <testcase classname="TestNGProgram.DataDrivenTest" name="add" time="0.003"/>
  <system-out/>
  <testcase classname="TestNGProgram.DataDrivenTest" name="diff" time="0.004"/>
  <system-out/>
  <testcase classname="TestNGProgram.DataDrivenTest" name="mul" time="0.004"/>
  <system-out/>
  <testcase classname="TestNGProgram.DataDrivenTest" name="diff" time="0.005"/>
  <system-out/>
  <testcase classname="TestNGProgram.DataDrivenTest" name="diff" time="0.003"/>
  <system-out/>
  <testcase classname="TestNGProgram.DataDrivenTest" name="div" time="0.005"/>
  <system-out/>
  <testcase classname="TestNGProgram.DataDrivenTest" name="diff" time="0.009"/>
  <system-out/>
  <testcase classname="TestNGProgram.DataDrivenTest" name="mul" time="0.004"/>
  <system-out/>
  <testcase classname="TestNGProgram.DataDrivenTest" name="add" time="0.016"/>
  <system-out/>
  <testcase classname="TestNGProgram.DataDrivenTest" name="div" time="0.005"/>
  <system-out/>
  <testcase classname="TestNGProgram.DataDrivenTest" name="mul" time="0.004"/>
  <system-out/>
  <testcase classname="TestNGProgram.DataDrivenTest" name="div" time="0.005"/>
  <system-out/>
  <testcase classname="TestNGProgram.DataDrivenTest" name="diff" time="0.003"/>
  <system-out/>
  <testcase classname="TestNGProgram.DataDrivenTest" name="div" time="0.006"/>
  <system-out/>
  <testcase classname="TestNGProgram.DataDrivenTest" name="mul" time="0.003"/>
  <system-out/>
  <testcase classname="TestNGProgram.DataDrivenTest" name="mul" time="0.007"/>
  <system-out/>
  <testcase classname="TestNGProgram.DataDrivenTest" name="mul" time="0.008"/>
  <system-out/>
  <testcase classname="TestNGProgram.DataDrivenTest" name="mul" time="0.002"/>
  <system-out/>
  <testcase classname="TestNGProgram.DataDrivenTest" name="add" time="0.005"/>
  <system-out/>
  <testcase classname="TestNGProgram.DataDrivenTest" name="div" time="0.005"/>
  <system-out/>
  <testcase classname="TestNGProgram.DataDrivenTest" name="div" time="0.003"/>
  <system-out/>
  <testcase classname="TestNGProgram.DataDrivenTest" name="diff" time="0.008"/>
  <system-out/>
  <testcase classname="TestNGProgram.DataDrivenTest" name="add" time="0.003"/>
  <system-out/>
  <testcase classname="TestNGProgram.DataDrivenTest" name="div" time="0.002"/>
  <system-out/>
  <testcase classname="TestNGProgram.DataDrivenTest" name="add" time="0.005"/>
  <system-out/>
  <testcase classname="TestNGProgram.DataDrivenTest" name="div" time="0.004"/>
  <system-out/>
  <testcase classname="TestNGProgram.DataDrivenTest" name="add" time="0.007"/>
  <system-out/>
  <testcase classname="TestNGProgram.DataDrivenTest" name="add" time="0.003"/>
  <system-out/>
  <testcase classname="TestNGProgram.DataDrivenTest" name="div" time="0.012"/>
  <system-out/>
  <testcase classname="TestNGProgram.DataDrivenTest" name="mul" time="0.007"/>
  <system-out/>
  <testcase classname="TestNGProgram.DataDrivenTest" name="add" time="0.005"/>
  <system-out/>
  <testcase classname="TestNGProgram.DataDrivenTest" name="add" time="0.004"/>
  <system-out/>
  <testcase classname="TestNGProgram.DataDrivenTest" name="mul" time="0.002"/>
  <system-out/>
  <testcase classname="TestNGProgram.DataDrivenTest" name="diff" time="0.005"/>
  <system-out/>
</testsuite> <!-- TestNGProgram.DataDrivenTest -->
