<?xml version="1.0" encoding="UTF-8"?>
<!-- Generated by org.testng.reporters.JUnitReportReporter -->
<testsuite hostname="DESKTOP-VUGG11B" failures="0" tests="1" name="TestNGProgram.secondTest" time="22.257" errors="0" timestamp="2022-12-22T23:42:51 IST" skipped="0">
  <testcase classname="TestNGProgram.secondTest" name="secondtest" time="22.257"/>
  <system-out/>
</testsuite> <!-- TestNGProgram.secondTest -->
