<?xml version="1.0" encoding="UTF-8"?>
<!-- Generated by org.testng.reporters.JUnitReportReporter -->
<testsuite hostname="DESKTOP-VUGG11B" failures="0" tests="1" name="TestNGProgram.Param" time="0.056" errors="0" timestamp="2022-12-27T19:35:07 IST" skipped="0">
  <testcase classname="TestNGProgram.Param" name="sum" time="0.056"/>
  <system-out/>
</testsuite> <!-- TestNGProgram.Param -->
