<?xml version="1.0" encoding="UTF-8"?>
<!-- Generated by org.testng.reporters.JUnitReportReporter -->
<testsuite hostname="DESKTOP-VUGG11B" failures="0" tests="2" name="TestNGProgram.Day10_ChromeTest" time="52.292" errors="0" timestamp="2022-12-30T12:02:05 IST" skipped="0">
  <testcase classname="TestNGProgram.Day10_ChromeTest" name="ChromeTest" time="26.143"/>
  <system-out/>
  <testcase classname="TestNGProgram.Day10_ChromeTest" name="ChromeTest" time="26.149"/>
  <system-out/>
</testsuite> <!-- TestNGProgram.Day10_ChromeTest -->
