<?xml version="1.0" encoding="UTF-8"?>
<!-- Generated by org.testng.reporters.JUnitReportReporter -->
<testsuite hostname="DESKTOP-VUGG11B" failures="0" tests="1" name="TestNGProgram.NewTest" time="18.820" errors="0" timestamp="2022-12-24T21:57:17 IST" skipped="0">
  <testcase classname="TestNGProgram.NewTest" name="launchBrowser" time="18.820"/>
  <system-out/>
</testsuite> <!-- TestNGProgram.NewTest -->
