<?xml version="1.0" encoding="UTF-8"?>
<!-- Generated by org.testng.reporters.JUnitReportReporter -->
<testsuite hostname="DESKTOP-VUGG11B" failures="0" tests="1" name="TestNGProgram.firstTest" time="15.219" errors="0" timestamp="2022-12-22T23:27:24 IST" skipped="0">
  <testcase classname="TestNGProgram.firstTest" name="pratiksha" time="15.219"/>
  <system-out/>
</testsuite> <!-- TestNGProgram.firstTest -->
