<?xml version="1.0" encoding="UTF-8"?>
<!-- Generated by org.testng.reporters.JUnitReportReporter -->
<testsuite hostname="DESKTOP-VUGG11B" failures="0" tests="1" name="TestNGProgram.ReadDatafromexcel_3jan" time="1.818" errors="0" timestamp="2023-01-05T20:01:06 IST" skipped="0">
  <testcase classname="TestNGProgram.ReadDatafromexcel_3jan" name="ReadExcel" time="1.818"/>
  <system-out/>
</testsuite> <!-- TestNGProgram.ReadDatafromexcel_3jan -->
