<?xml version="1.0" encoding="UTF-8"?>
<!-- Generated by org.testng.reporters.JUnitReportReporter -->
<testsuite hostname="DESKTOP-VUGG11B" failures="0" tests="2" name="TestNGProgram.Day6_AssertTest" time="29.305" errors="0" timestamp="2022-12-26T12:03:56 IST" skipped="0">
  <testcase classname="TestNGProgram.Day6_AssertTest" name="openBrowser" time="29.278"/>
  <system-out/>
  <testcase classname="TestNGProgram.Day6_AssertTest" name="checkTitle" time="0.027"/>
  <system-out/>
</testsuite> <!-- TestNGProgram.Day6_AssertTest -->
