<?xml version="1.0" encoding="UTF-8"?>
<!-- Generated by org.testng.reporters.JUnitReportReporter -->
<testsuite hostname="DESKTOP-VUGG11B" failures="0" tests="3" name="TestNGProgram.GroupDependentTest" time="0.037" errors="0" timestamp="2022-12-24T20:28:02 IST" skipped="0">
  <testcase classname="TestNGProgram.GroupDependentTest" name="viewACC" time="0.004"/>
  <system-out/>
  <testcase classname="TestNGProgram.GroupDependentTest" name="signIn" time="0.005"/>
  <system-out/>
  <testcase classname="TestNGProgram.GroupDependentTest" name="openBrowser" time="0.028"/>
  <system-out/>
</testsuite> <!-- TestNGProgram.GroupDependentTest -->
