<?xml version="1.0" encoding="UTF-8"?>
<!-- Generated by org.testng.reporters.JUnitReportReporter -->
<testsuite hostname="DESKTOP-VUGG11B" failures="0" tests="12" name="TestNGProgram.Day8_DPTest1" time="337.655" errors="0" timestamp="2023-01-02T15:12:07 IST" skipped="1">
  <testcase classname="TestNGProgram.Day8_DPTest1" name="FaceBookLogin" time="52.913"/>
  <system-out/>
  <testcase classname="TestNGProgram.Day8_DPTest1" name="FaceBookLogin" time="55.679"/>
  <system-out/>
  <testcase classname="TestNGProgram.Day8_DPTest1" name="AccountTest" time="0.007"/>
  <system-out/>
  <testcase classname="TestNGProgram.Day8_DPTest1" name="FaceBookLogin" time="15.616"/>
  <system-out/>
  <testcase classname="TestNGProgram.Day8_DPTest1" name="FaceBookLogin" time="46.622"/>
  <system-out/>
  <testcase classname="TestNGProgram.Day8_DPTest1" name="FaceBookLogin" time="51.239"/>
  <system-out/>
  <testcase classname="TestNGProgram.Day8_DPTest1" name="AccountTest" time="0.043"/>
  <system-out/>
  <testcase classname="TestNGProgram.Day8_DPTest1" name="FaceBookLogin" time="24.023"/>
  <system-out/>
  <testcase classname="TestNGProgram.Day8_DPTest1" name="FaceBookLogin" time="39.706"/>
  <system-out/>
  <testcase classname="TestNGProgram.Day8_DPTest1" name="SkipTest" time="0.003">
    <skipped/>
  </testcase> <!-- SkipTest -->
  <system-out/>
  <testcase classname="TestNGProgram.Day8_DPTest1" name="AccountTest" time="0.004"/>
  <system-out/>
  <testcase classname="TestNGProgram.Day8_DPTest1" name="FaceBookLogin" time="51.800"/>
  <system-out/>
</testsuite> <!-- TestNGProgram.Day8_DPTest1 -->
