<?xml version="1.0" encoding="UTF-8"?>
<!-- Generated by org.testng.reporters.JUnitReportReporter -->
<testsuite hostname="DESKTOP-VUGG11B" failures="0" tests="2" name="TestNGProgram.ChildTest" time="4.585" errors="0" timestamp="2022-12-24T21:24:29 IST" skipped="0">
  <testcase classname="TestNGProgram.ChildTest" name="Login" time="0.029"/>
  <system-out/>
  <testcase classname="TestNGProgram.ChildTest" name="openBrowser" time="4.556"/>
  <system-out/>
</testsuite> <!-- TestNGProgram.ChildTest -->
