<?xml version="1.0" encoding="UTF-8"?>
<!-- Generated by org.testng.reporters.JUnitReportReporter -->
<testsuite hostname="DESKTOP-VUGG11B" failures="0" tests="2" name="TestNGProgram.first" time="0.037" errors="0" timestamp="2022-12-22T22:27:48 IST" skipped="0">
  <testcase classname="TestNGProgram.first" name="firsttest" time="0.031"/>
  <system-out/>
  <testcase classname="TestNGProgram.first" name="secondtest" time="0.006"/>
  <system-out/>
</testsuite> <!-- TestNGProgram.first -->
