<?xml version="1.0" encoding="UTF-8"?>
<!-- Generated by org.testng.reporters.JUnitReportReporter -->
<testsuite hostname="DESKTOP-VUGG11B" failures="0" tests="3" name="TestNGProgram.DependentTest" time="4.448" errors="0" timestamp="2022-12-24T21:28:18 IST" skipped="0">
  <testcase classname="TestNGProgram.DependentTest" name="openBrowser" time="4.386"/>
  <system-out/>
  <testcase classname="TestNGProgram.DependentTest" name="SignIn" time="0.024"/>
  <system-out/>
  <testcase classname="TestNGProgram.DependentTest" name="viewAcc" time="0.038"/>
  <system-out/>
</testsuite> <!-- TestNGProgram.DependentTest -->
