<?xml version="1.0" encoding="UTF-8"?>
<!-- Generated by org.testng.reporters.JUnitReportReporter -->
<testsuite hostname="DESKTOP-VUGG11B" failures="0" tests="4" name="TestNGProgram.GroupDependency" time="0.043" errors="0" timestamp="2022-12-24T21:31:44 IST" skipped="0">
  <testcase classname="TestNGProgram.GroupDependency" name="LogIn" time="0.005"/>
  <system-out/>
  <testcase classname="TestNGProgram.GroupDependency" name="ViewAcc" time="0.005"/>
  <system-out/>
  <testcase classname="TestNGProgram.GroupDependency" name="CloseAccount" time="0.029"/>
  <system-out/>
  <testcase classname="TestNGProgram.GroupDependency" name="OpenBrowser" time="0.004"/>
  <system-out/>
</testsuite> <!-- TestNGProgram.GroupDependency -->
