<?xml version="1.0" encoding="UTF-8"?>
<!-- Generated by org.testng.reporters.JUnitReportReporter -->
<testsuite hostname="DESKTOP-VUGG11B" failures="0" tests="2" name="TestNGProgram.Day2_AnnotationTest" time="0.029" errors="0" timestamp="2022-12-24T21:50:31 IST" skipped="0">
  <testcase classname="TestNGProgram.Day2_AnnotationTest" name="f" time="0.023"/>
  <system-out/>
  <testcase classname="TestNGProgram.Day2_AnnotationTest" name="s" time="0.006"/>
  <system-out/>
</testsuite> <!-- TestNGProgram.Day2_AnnotationTest -->
