<?xml version="1.0" encoding="UTF-8"?>
<!-- Generated by org.testng.reporters.JUnitReportReporter -->
<testsuite hostname="DESKTOP-VUGG11B" failures="0" tests="8" name="TestNGProgram.Day8_DPTest" time="188.135" errors="0" timestamp="2022-12-28T18:32:29 IST" skipped="0">
  <testcase classname="TestNGProgram.Day8_DPTest" name="FaceBookLogin" time="24.918"/>
  <system-out/>
  <testcase classname="TestNGProgram.Day8_DPTest" name="FaceBookLogin" time="12.988"/>
  <system-out/>
  <testcase classname="TestNGProgram.Day8_DPTest" name="FaceBookLogin" time="29.241"/>
  <system-out/>
  <testcase classname="TestNGProgram.Day8_DPTest" name="FaceBookLogin" time="20.782"/>
  <system-out/>
  <testcase classname="TestNGProgram.Day8_DPTest" name="FaceBookLogin" time="23.541"/>
  <system-out/>
  <testcase classname="TestNGProgram.Day8_DPTest" name="FaceBookLogin" time="32.722"/>
  <system-out/>
  <testcase classname="TestNGProgram.Day8_DPTest" name="FaceBookLogin" time="14.210"/>
  <system-out/>
  <testcase classname="TestNGProgram.Day8_DPTest" name="FaceBookLogin" time="29.733"/>
  <system-out/>
</testsuite> <!-- TestNGProgram.Day8_DPTest -->
