<?xml version="1.0" encoding="UTF-8"?>
<!-- Generated by org.testng.reporters.JUnitReportReporter -->
<testsuite hostname="DESKTOP-VUGG11B" failures="0" tests="2" name="TestNGProgram.day7_Param" time="0.041" errors="0" timestamp="2022-12-27T20:56:21 IST" skipped="0">
  <testcase classname="TestNGProgram.day7_Param" name="Diff" time="0.036"/>
  <system-out/>
  <testcase classname="TestNGProgram.day7_Param" name="Sum" time="0.005"/>
  <system-out/>
</testsuite> <!-- TestNGProgram.day7_Param -->
