<?xml version="1.0" encoding="UTF-8"?>
<!-- Generated by org.testng.reporters.JUnitReportReporter -->
<testsuite hostname="DESKTOP-VUGG11B" failures="0" tests="1" name="TestNGProgram.BaseTest" time="4.637" errors="0" timestamp="2022-12-24T21:19:56 IST" skipped="0">
  <testcase classname="TestNGProgram.BaseTest" name="openBrowser" time="4.637"/>
  <system-out/>
</testsuite> <!-- TestNGProgram.BaseTest -->
