<?xml version="1.0" encoding="UTF-8"?>
<!-- Generated by org.testng.reporters.JUnitReportReporter -->
<testsuite hostname="DESKTOP-VUGG11B" failures="0" tests="4" name="TestNGProgram.PriorityTest2" time="25.518" errors="0" timestamp="2022-12-24T20:57:57 IST" skipped="1">
  <testcase classname="TestNGProgram.PriorityTest2" name="clickonElement" time="1.613"/>
  <system-out/>
  <testcase classname="TestNGProgram.PriorityTest2" name="starting_point" time="23.847"/>
  <system-out/>
  <testcase classname="TestNGProgram.PriorityTest2" name="checkTitle" time="0.058"/>
  <system-out/>
  <testcase classname="TestNGProgram.PriorityTest2" name="insert_data">
    <skipped/>
  </testcase> <!-- insert_data -->
  <system-out/>
</testsuite> <!-- TestNGProgram.PriorityTest2 -->
