<?xml version="1.0" encoding="UTF-8"?>
<!-- Generated by org.testng.reporters.JUnitReportReporter -->
<testsuite hostname="DESKTOP-VUGG11B" failures="0" tests="2" name="TestNGProgram.DataPTest" time="0.032" errors="0" timestamp="2022-12-29T17:52:41 IST" skipped="0">
  <testcase classname="TestNGProgram.DataPTest" name="f" time="0.028"/>
  <system-out/>
  <testcase classname="TestNGProgram.DataPTest" name="f" time="0.004"/>
  <system-out/>
</testsuite> <!-- TestNGProgram.DataPTest -->
