<?xml version="1.0" encoding="UTF-8"?>
<!-- Generated by org.testng.reporters.JUnitReportReporter -->
<testsuite hostname="DESKTOP-VUGG11B" failures="0" tests="1" name="TestNGProgram.Day5_BaseTest" time="5.172" errors="0" timestamp="2022-12-25T11:09:04 IST" skipped="0">
  <testcase classname="TestNGProgram.Day5_BaseTest" name="openBrowser" time="5.172"/>
  <system-out/>
</testsuite> <!-- TestNGProgram.Day5_BaseTest -->
