<?xml version="1.0" encoding="UTF-8"?>
<!-- Generated by org.testng.reporters.JUnitReportReporter -->
<testsuite hostname="DESKTOP-VUGG11B" failures="0" tests="7" name="TestNGProgram.DPTest" time="175.387" errors="0" timestamp="2022-12-29T18:19:52 IST" skipped="0">
  <testcase classname="TestNGProgram.DPTest" name="FaceBookLogin" time="24.842"/>
  <system-out>
    <![CDATA[Chrome Successfully Started
Successfully Enter username and password and click on login button]]>
  </system-out>
  <testcase classname="TestNGProgram.DPTest" name="FaceBookLogin" time="17.475"/>
  <system-out>
    <![CDATA[Chrome Successfully Started
Successfully Enter username and password and click on login button]]>
  </system-out>
  <testcase classname="TestNGProgram.DPTest" name="FaceBookLogin" time="26.127"/>
  <system-out>
    <![CDATA[Chrome Successfully Started
Successfully Enter username and password and click on login button]]>
  </system-out>
  <testcase classname="TestNGProgram.DPTest" name="FaceBookLogin" time="22.441"/>
  <system-out>
    <![CDATA[Chrome Successfully Started
Successfully Enter username and password and click on login button]]>
  </system-out>
  <testcase classname="TestNGProgram.DPTest" name="FaceBookLogin" time="30.579"/>
  <system-out>
    <![CDATA[Chrome Successfully Started
Successfully Enter username and password and click on login button]]>
  </system-out>
  <testcase classname="TestNGProgram.DPTest" name="FaceBookLogin" time="29.480"/>
  <system-out>
    <![CDATA[Chrome Successfully Started
Successfully Enter username and password and click on login button]]>
  </system-out>
  <testcase classname="TestNGProgram.DPTest" name="FaceBookLogin" time="24.443"/>
  <system-out>
    <![CDATA[Chrome Successfully Started
Successfully Enter username and password and click on login button]]>
  </system-out>
</testsuite> <!-- TestNGProgram.DPTest -->
