<?xml version="1.0" encoding="UTF-8"?>
<!-- Generated by org.testng.reporters.JUnitReportReporter -->
<testsuite hostname="DESKTOP-VUGG11B" failures="0" tests="44" name="TestNGProgram.Day8_DataDrivenTest" time="0.231" errors="0" timestamp="2022-12-28T16:54:50 IST" skipped="0">
  <testcase classname="TestNGProgram.Day8_DataDrivenTest" name="diff" time="0.002"/>
  <system-out/>
  <testcase classname="TestNGProgram.Day8_DataDrivenTest" name="div" time="0.004"/>
  <system-out/>
  <testcase classname="TestNGProgram.Day8_DataDrivenTest" name="diff" time="0.002"/>
  <system-out/>
  <testcase classname="TestNGProgram.Day8_DataDrivenTest" name="diff" time="0.005"/>
  <system-out/>
  <testcase classname="TestNGProgram.Day8_DataDrivenTest" name="mul" time="0.003"/>
  <system-out/>
  <testcase classname="TestNGProgram.Day8_DataDrivenTest" name="add" time="0.028"/>
  <system-out/>
  <testcase classname="TestNGProgram.Day8_DataDrivenTest" name="mul" time="0.004"/>
  <system-out/>
  <testcase classname="TestNGProgram.Day8_DataDrivenTest" name="add" time="0.006"/>
  <system-out/>
  <testcase classname="TestNGProgram.Day8_DataDrivenTest" name="div" time="0.003"/>
  <system-out/>
  <testcase classname="TestNGProgram.Day8_DataDrivenTest" name="diff" time="0.002"/>
  <system-out/>
  <testcase classname="TestNGProgram.Day8_DataDrivenTest" name="add" time="0.013"/>
  <system-out/>
  <testcase classname="TestNGProgram.Day8_DataDrivenTest" name="diff" time="0.007"/>
  <system-out/>
  <testcase classname="TestNGProgram.Day8_DataDrivenTest" name="mul" time="0.004"/>
  <system-out/>
  <testcase classname="TestNGProgram.Day8_DataDrivenTest" name="diff" time="0.004"/>
  <system-out/>
  <testcase classname="TestNGProgram.Day8_DataDrivenTest" name="diff" time="0.002"/>
  <system-out/>
  <testcase classname="TestNGProgram.Day8_DataDrivenTest" name="div" time="0.003"/>
  <system-out/>
  <testcase classname="TestNGProgram.Day8_DataDrivenTest" name="diff" time="0.005"/>
  <system-out/>
  <testcase classname="TestNGProgram.Day8_DataDrivenTest" name="mul" time="0.010"/>
  <system-out/>
  <testcase classname="TestNGProgram.Day8_DataDrivenTest" name="add" time="0.007"/>
  <system-out/>
  <testcase classname="TestNGProgram.Day8_DataDrivenTest" name="div" time="0.009"/>
  <system-out/>
  <testcase classname="TestNGProgram.Day8_DataDrivenTest" name="mul" time="0.003"/>
  <system-out/>
  <testcase classname="TestNGProgram.Day8_DataDrivenTest" name="div" time="0.002"/>
  <system-out/>
  <testcase classname="TestNGProgram.Day8_DataDrivenTest" name="diff" time="0.003"/>
  <system-out/>
  <testcase classname="TestNGProgram.Day8_DataDrivenTest" name="div" time="0.003"/>
  <system-out/>
  <testcase classname="TestNGProgram.Day8_DataDrivenTest" name="mul" time="0.002"/>
  <system-out/>
  <testcase classname="TestNGProgram.Day8_DataDrivenTest" name="mul" time="0.001"/>
  <system-out/>
  <testcase classname="TestNGProgram.Day8_DataDrivenTest" name="mul" time="0.009"/>
  <system-out/>
  <testcase classname="TestNGProgram.Day8_DataDrivenTest" name="mul" time="0.002"/>
  <system-out/>
  <testcase classname="TestNGProgram.Day8_DataDrivenTest" name="add" time="0.009"/>
  <system-out/>
  <testcase classname="TestNGProgram.Day8_DataDrivenTest" name="div" time="0.003"/>
  <system-out/>
  <testcase classname="TestNGProgram.Day8_DataDrivenTest" name="div" time="0.004"/>
  <system-out/>
  <testcase classname="TestNGProgram.Day8_DataDrivenTest" name="diff" time="0.003"/>
  <system-out/>
  <testcase classname="TestNGProgram.Day8_DataDrivenTest" name="add" time="0.003"/>
  <system-out/>
  <testcase classname="TestNGProgram.Day8_DataDrivenTest" name="div" time="0.001"/>
  <system-out/>
  <testcase classname="TestNGProgram.Day8_DataDrivenTest" name="add" time="0.004"/>
  <system-out/>
  <testcase classname="TestNGProgram.Day8_DataDrivenTest" name="div" time="0.003"/>
  <system-out/>
  <testcase classname="TestNGProgram.Day8_DataDrivenTest" name="add" time="0.009"/>
  <system-out/>
  <testcase classname="TestNGProgram.Day8_DataDrivenTest" name="add" time="0.016"/>
  <system-out/>
  <testcase classname="TestNGProgram.Day8_DataDrivenTest" name="div" time="0.002"/>
  <system-out/>
  <testcase classname="TestNGProgram.Day8_DataDrivenTest" name="mul" time="0.003"/>
  <system-out/>
  <testcase classname="TestNGProgram.Day8_DataDrivenTest" name="add" time="0.013"/>
  <system-out/>
  <testcase classname="TestNGProgram.Day8_DataDrivenTest" name="add" time="0.006"/>
  <system-out/>
  <testcase classname="TestNGProgram.Day8_DataDrivenTest" name="mul" time="0.002"/>
  <system-out/>
  <testcase classname="TestNGProgram.Day8_DataDrivenTest" name="diff" time="0.002"/>
  <system-out/>
</testsuite> <!-- TestNGProgram.Day8_DataDrivenTest -->
