<?xml version="1.0" encoding="UTF-8"?>
<!-- Generated by org.testng.reporters.JUnitReportReporter -->
<testsuite hostname="DESKTOP-VUGG11B" failures="0" tests="1" name="TestNGProgram.Day10_EdgeTest" time="17.527" errors="0" timestamp="2022-12-30T11:17:03 IST" skipped="0">
  <testcase classname="TestNGProgram.Day10_EdgeTest" name="EdgeTest" time="17.527"/>
  <system-out/>
</testsuite> <!-- TestNGProgram.Day10_EdgeTest -->
