<?xml version="1.0" encoding="UTF-8"?>
<!-- Generated by org.testng.reporters.JUnitReportReporter -->
<testsuite hostname="DESKTOP-VUGG11B" failures="0" tests="6" name="TestNGProgram.Day7_Multiply" time="0.071" errors="0" timestamp="2022-12-27T21:33:24 IST" skipped="0">
  <testcase classname="TestNGProgram.Day7_Multiply" name="Mul" time="0.005"/>
  <system-out/>
  <testcase classname="TestNGProgram.Day7_Multiply" name="Div" time="0.005"/>
  <system-out/>
  <testcase classname="TestNGProgram.Day7_Multiply" name="Mul" time="0.006"/>
  <system-out/>
  <testcase classname="TestNGProgram.Day7_Multiply" name="Div" time="0.006"/>
  <system-out/>
  <testcase classname="TestNGProgram.Day7_Multiply" name="Div" time="0.042"/>
  <system-out/>
  <testcase classname="TestNGProgram.Day7_Multiply" name="Mul" time="0.007"/>
  <system-out/>
</testsuite> <!-- TestNGProgram.Day7_Multiply -->
