<?xml version="1.0" encoding="UTF-8"?>
<!-- Generated by org.testng.reporters.JUnitReportReporter -->
<testsuite hostname="DESKTOP-VUGG11B" failures="0" tests="2" name="TestNGProgram.Day9_CrossBrowserTest" time="1.604" errors="0" timestamp="2022-12-29T19:13:31 IST" skipped="0">
  <testcase classname="TestNGProgram.Day9_CrossBrowserTest" name="FBLogin" time="0.937"/>
  <system-out/>
  <testcase classname="TestNGProgram.Day9_CrossBrowserTest" name="FBLogin" time="0.667"/>
  <system-out/>
</testsuite> <!-- TestNGProgram.Day9_CrossBrowserTest -->
