<?xml version="1.0" encoding="UTF-8"?>
<!-- Generated by org.testng.reporters.JUnitReportReporter -->
<testsuite hostname="DESKTOP-VUGG11B" failures="0" tests="3" name="TestNGProgram.MultipleDependentTest" time="0.047" errors="0" timestamp="2022-12-24T21:34:20 IST" skipped="0">
  <testcase classname="TestNGProgram.MultipleDependentTest" name="SignIn" time="0.003"/>
  <system-out/>
  <testcase classname="TestNGProgram.MultipleDependentTest" name="OpenBrowser" time="0.031"/>
  <system-out/>
  <testcase classname="TestNGProgram.MultipleDependentTest" name="LogOut" time="0.013"/>
  <system-out/>
</testsuite> <!-- TestNGProgram.MultipleDependentTest -->
